{"name": "Verify successful login with valid credentials", "status": "broken", "statusDetails": {"message": "selenium.common.exceptions.TimeoutException: Message: Element still visible by ('xpath', \"//span[text()='Sign into your Target account']\")\n\n", "trace": "  File \"C:\\Users\\kuletsky\\Target-BDD-Selenium-Python\\.venv\\Lib\\site-packages\\behave\\model.py\", line 1329, in run\n    match.run(runner.context)\n  File \"C:\\Users\\kuletsky\\Target-BDD-Selenium-Python\\.venv\\Lib\\site-packages\\behave\\matchers.py\", line 98, in run\n    self.func(context, *args, **kwargs)\n  File \"features\\steps\\signIn_action_steps.py\", line 61, in verify_sign_in_success\n    context.app.sign_in_page.verify_sign_in_page_is_successful()\n  File \"C:\\Users\\kuletsky\\Target-BDD-Selenium-Python\\pages\\sign_in_page.py\", line 34, in verify_sign_in_page_is_successful\n    self.wait_until_disappears(*self.SIGNIN)\n  File \"C:\\Users\\kuletsky\\Target-BDD-Selenium-Python\\pages\\base_page.py\", line 48, in wait_until_disappears\n    self.wait.until(\n  File \"C:\\Users\\kuletsky\\Target-BDD-Selenium-Python\\.venv\\Lib\\site-packages\\selenium\\webdriver\\support\\wait.py\", line 105, in until\n    raise TimeoutException(message, screen, stacktrace)\n"}, "steps": [{"name": "Given Open Target main page", "status": "passed", "start": 1716337582344, "stop": 1716337586460}, {"name": "When Main page SignIn click", "status": "passed", "start": 1716337586460, "stop": 1716337592102}, {"name": "And Side menu SignIn click", "status": "passed", "start": 1716337592105, "stop": 1716337594417}, {"name": "And Fill in the audids@boranora.com and qwertyuiop[] fields", "status": "passed", "start": 1716337594417, "stop": 1716337597396}, {"name": "And Click the Sign In", "status": "passed", "start": 1716337597397, "stop": 1716337598720}, {"name": "Then Verify SignIn is successful", "status": "broken", "statusDetails": {"message": "selenium.common.exceptions.TimeoutException: Message: Element still visible by ('xpath', \"//span[text()='Sign into your Target account']\")\n\n", "trace": "  File \"C:\\Users\\kuletsky\\Target-BDD-Selenium-Python\\.venv\\Lib\\site-packages\\behave\\model.py\", line 1329, in run\n    match.run(runner.context)\n  File \"C:\\Users\\kuletsky\\Target-BDD-Selenium-Python\\.venv\\Lib\\site-packages\\behave\\matchers.py\", line 98, in run\n    self.func(context, *args, **kwargs)\n  File \"features\\steps\\signIn_action_steps.py\", line 61, in verify_sign_in_success\n    context.app.sign_in_page.verify_sign_in_page_is_successful()\n  File \"C:\\Users\\kuletsky\\Target-BDD-Selenium-Python\\pages\\sign_in_page.py\", line 34, in verify_sign_in_page_is_successful\n    self.wait_until_disappears(*self.SIGNIN)\n  File \"C:\\Users\\kuletsky\\Target-BDD-Selenium-Python\\pages\\base_page.py\", line 48, in wait_until_disappears\n    self.wait.until(\n  File \"C:\\Users\\kuletsky\\Target-BDD-Selenium-Python\\.venv\\Lib\\site-packages\\selenium\\webdriver\\support\\wait.py\", line 105, in until\n    raise TimeoutException(message, screen, stacktrace)\n"}, "start": 1716337598720, "stop": 1716337609422}], "start": 1716337577213, "stop": 1716337610862, "uuid": "8a864526-842c-47a4-ae30-5da6a09cb2e7", "historyId": "1fec26c176f73bab09592f0f619efd67", "fullName": "SignIn verify tests: Verify successful login with valid credentials", "labels": [{"name": "severity", "value": "normal"}, {"name": "tag", "value": "smoke"}, {"name": "feature", "value": "SignIn verify tests"}, {"name": "framework", "value": "behave"}, {"name": "language", "value": "cpython3"}]}