{"name": "Verify successful login with valid credentials", "status": "broken", "statusDetails": {"message": "selenium.common.exceptions.TimeoutException: Message: Element still visible by ('xpath', \"//span[text()='Sign into your Target account']\")\n\n", "trace": "  File \"C:\\Users\\kuletsky\\Target-BDD-Selenium-Python\\.venv\\Lib\\site-packages\\behave\\model.py\", line 1329, in run\n    match.run(runner.context)\n  File \"C:\\Users\\kuletsky\\Target-BDD-Selenium-Python\\.venv\\Lib\\site-packages\\behave\\matchers.py\", line 98, in run\n    self.func(context, *args, **kwargs)\n  File \"features\\steps\\signIn_action_steps.py\", line 61, in verify_sign_in_success\n    context.app.sign_in_page.verify_sign_in_page_is_successful()\n  File \"C:\\Users\\kuletsky\\Target-BDD-Selenium-Python\\pages\\sign_in_page.py\", line 34, in verify_sign_in_page_is_successful\n    self.wait_until_disappears(*self.SIGNIN)\n  File \"C:\\Users\\kuletsky\\Target-BDD-Selenium-Python\\pages\\base_page.py\", line 48, in wait_until_disappears\n    self.wait.until(\n  File \"C:\\Users\\kuletsky\\Target-BDD-Selenium-Python\\.venv\\Lib\\site-packages\\selenium\\webdriver\\support\\wait.py\", line 105, in until\n    raise TimeoutException(message, screen, stacktrace)\n"}, "steps": [{"name": "Given Open Target main page", "status": "passed", "start": 1715378462357, "stop": 1715378468199}, {"name": "When Main page SignIn click", "status": "passed", "start": 1715378468199, "stop": 1715378472351}, {"name": "And Side menu SignIn click", "status": "passed", "start": 1715378472351, "stop": 1715378474118}, {"name": "And Fill in the audids@boranora.com and qwertyuiop[] fields", "status": "passed", "start": 1715378474118, "stop": 1715378476809}, {"name": "And Click the Sign In", "status": "passed", "start": 1715378476809, "stop": 1715378477877}, {"name": "Then Verify SignIn is successful", "status": "broken", "statusDetails": {"message": "selenium.common.exceptions.TimeoutException: Message: Element still visible by ('xpath', \"//span[text()='Sign into your Target account']\")\n\n", "trace": "  File \"C:\\Users\\kuletsky\\Target-BDD-Selenium-Python\\.venv\\Lib\\site-packages\\behave\\model.py\", line 1329, in run\n    match.run(runner.context)\n  File \"C:\\Users\\kuletsky\\Target-BDD-Selenium-Python\\.venv\\Lib\\site-packages\\behave\\matchers.py\", line 98, in run\n    self.func(context, *args, **kwargs)\n  File \"features\\steps\\signIn_action_steps.py\", line 61, in verify_sign_in_success\n    context.app.sign_in_page.verify_sign_in_page_is_successful()\n  File \"C:\\Users\\kuletsky\\Target-BDD-Selenium-Python\\pages\\sign_in_page.py\", line 34, in verify_sign_in_page_is_successful\n    self.wait_until_disappears(*self.SIGNIN)\n  File \"C:\\Users\\kuletsky\\Target-BDD-Selenium-Python\\pages\\base_page.py\", line 48, in wait_until_disappears\n    self.wait.until(\n  File \"C:\\Users\\kuletsky\\Target-BDD-Selenium-Python\\.venv\\Lib\\site-packages\\selenium\\webdriver\\support\\wait.py\", line 105, in until\n    raise TimeoutException(message, screen, stacktrace)\n"}, "start": 1715378477878, "stop": 1715378488013}], "start": 1715378457845, "stop": 1715378490184, "uuid": "49c9f39e-670b-4b59-9400-e9f6806450b2", "historyId": "1fec26c176f73bab09592f0f619efd67", "fullName": "SignIn verify tests: Verify successful login with valid credentials", "labels": [{"name": "severity", "value": "normal"}, {"name": "tag", "value": "smoke"}, {"name": "feature", "value": "SignIn verify tests"}, {"name": "framework", "value": "behave"}, {"name": "language", "value": "cpython3"}]}