{"name": "Verify item is in the cart", "status": "broken", "statusDetails": {"message": "selenium.common.exceptions.TimeoutException: Message: Element not clickable by ('css selector', \"[data-test='orderPickupButton']\")\nStacktrace:\n\tGetHandleVerifier [0x00007FF7ADC1F922+3045234]\n\t(No symbol) [0x00007FF7AD8C3652]\n\t(No symbol) [0x00007FF7AD787564]\n\t(No symbol) [0x00007FF7AD7D5F9D]\n\t(No symbol) [0x00007FF7AD7D606C]\n\t(No symbol) [0x00007FF7AD81BDD7]\n\t(No symbol) [0x00007FF7AD7F9DEF]\n\t(No symbol) [0x00007FF7AD8191C4]\n\t(No symbol) [0x00007FF7AD7F9B53]\n\t(No symbol) [0x00007FF7AD7C813C]\n\t(No symbol) [0x00007FF7AD7C8D71]\n\tGetHandleVerifier [0x00007FF7ADC4E89D+3237613]\n\tGetHandleVerifier [0x00007FF7ADC90BA7+3508727]\n\tGetHandleVerifier [0x00007FF7ADC8976F+3478975]\n\tGetHandleVerifier [0x00007FF7AD9FF1C6+815126]\n\t(No symbol) [0x00007FF7AD8CED0F]\n\t(No symbol) [0x00007FF7AD8C9854]\n\t(No symbol) [0x00007FF7AD8C99E2]\n\t(No symbol) [0x00007FF7AD8BA574]\n\tBaseThreadInitThunk [0x00007FFCC2BA257D+29]\n\tRtlUserThreadStart [0x00007FFCC448AA78+40]\n\n", "trace": "  File \"C:\\Users\\kuletsky\\Target-BDD-Selenium-Python\\.venv\\Lib\\site-packages\\behave\\model.py\", line 1329, in run\n    match.run(runner.context)\n  File \"C:\\Users\\kuletsky\\Target-BDD-Selenium-Python\\.venv\\Lib\\site-packages\\behave\\matchers.py\", line 98, in run\n    self.func(context, *args, **kwargs)\n  File \"features\\steps\\search_results_page_steps.py\", line 53, in click_on_confirm_button\n    context.app.search_results_page.click_confirm_btn_add_to_cart()\n  File \"C:\\Users\\kuletsky\\Target-BDD-Selenium-Python\\pages\\search_results_page.py\", line 28, in click_confirm_btn_add_to_cart\n    self.wait_until_clickable_click(*self.BTN_CONFIRM_ADD_TO_CART)\n  File \"C:\\Users\\kuletsky\\Target-BDD-Selenium-Python\\pages\\base_page.py\", line 34, in wait_until_clickable_click\n    self.wait.until(\n  File \"C:\\Users\\kuletsky\\Target-BDD-Selenium-Python\\.venv\\Lib\\site-packages\\selenium\\webdriver\\support\\wait.py\", line 105, in until\n    raise TimeoutException(message, screen, stacktrace)\n"}, "steps": [{"name": "Given Open Target main page", "status": "passed", "start": 1715297086003, "stop": 1715297091387}, {"name": "When Search for pen", "status": "passed", "start": 1715297091387, "stop": 1715297104144}, {"name": "And Click on BTN \"Add to cart\"", "status": "passed", "start": 1715297104144, "stop": 1715297105394}, {"name": "And Confirm BTN \"Add to cart\"", "status": "broken", "statusDetails": {"message": "selenium.common.exceptions.TimeoutException: Message: Element not clickable by ('css selector', \"[data-test='orderPickupButton']\")\nStacktrace:\n\tGetHandleVerifier [0x00007FF7ADC1F922+3045234]\n\t(No symbol) [0x00007FF7AD8C3652]\n\t(No symbol) [0x00007FF7AD787564]\n\t(No symbol) [0x00007FF7AD7D5F9D]\n\t(No symbol) [0x00007FF7AD7D606C]\n\t(No symbol) [0x00007FF7AD81BDD7]\n\t(No symbol) [0x00007FF7AD7F9DEF]\n\t(No symbol) [0x00007FF7AD8191C4]\n\t(No symbol) [0x00007FF7AD7F9B53]\n\t(No symbol) [0x00007FF7AD7C813C]\n\t(No symbol) [0x00007FF7AD7C8D71]\n\tGetHandleVerifier [0x00007FF7ADC4E89D+3237613]\n\tGetHandleVerifier [0x00007FF7ADC90BA7+3508727]\n\tGetHandleVerifier [0x00007FF7ADC8976F+3478975]\n\tGetHandleVerifier [0x00007FF7AD9FF1C6+815126]\n\t(No symbol) [0x00007FF7AD8CED0F]\n\t(No symbol) [0x00007FF7AD8C9854]\n\t(No symbol) [0x00007FF7AD8C99E2]\n\t(No symbol) [0x00007FF7AD8BA574]\n\tBaseThreadInitThunk [0x00007FFCC2BA257D+29]\n\tRtlUserThreadStart [0x00007FFCC448AA78+40]\n\n", "trace": "  File \"C:\\Users\\kuletsky\\Target-BDD-Selenium-Python\\.venv\\Lib\\site-packages\\behave\\model.py\", line 1329, in run\n    match.run(runner.context)\n  File \"C:\\Users\\kuletsky\\Target-BDD-Selenium-Python\\.venv\\Lib\\site-packages\\behave\\matchers.py\", line 98, in run\n    self.func(context, *args, **kwargs)\n  File \"features\\steps\\search_results_page_steps.py\", line 53, in click_on_confirm_button\n    context.app.search_results_page.click_confirm_btn_add_to_cart()\n  File \"C:\\Users\\kuletsky\\Target-BDD-Selenium-Python\\pages\\search_results_page.py\", line 28, in click_confirm_btn_add_to_cart\n    self.wait_until_clickable_click(*self.BTN_CONFIRM_ADD_TO_CART)\n  File \"C:\\Users\\kuletsky\\Target-BDD-Selenium-Python\\pages\\base_page.py\", line 34, in wait_until_clickable_click\n    self.wait.until(\n  File \"C:\\Users\\kuletsky\\Target-BDD-Selenium-Python\\.venv\\Lib\\site-packages\\selenium\\webdriver\\support\\wait.py\", line 105, in until\n    raise TimeoutException(message, screen, stacktrace)\n"}, "start": 1715297105394, "stop": 1715297119143}, {"name": "And Open Target Cart page", "status": "skipped", "start": 1715297121812, "stop": 1715297121812}, {"name": "Then Verify item is in the cart", "status": "skipped", "start": 1715297121812, "stop": 1715297121812}], "start": 1715297081035, "stop": 1715297121812, "uuid": "be6b4b0a-d97c-4143-8da3-2643f79b3570", "historyId": "33de3481e67f11896254915523c9d7c2", "fullName": "Cart verify tests: Verify item is in the cart", "labels": [{"name": "severity", "value": "normal"}, {"name": "tag", "value": "smoke"}, {"name": "feature", "value": "Cart verify tests"}, {"name": "framework", "value": "behave"}, {"name": "language", "value": "cpython3"}]}