{"name": "Verify item is in the cart", "status": "broken", "statusDetails": {"message": "selenium.common.exceptions.NoSuchElementException: Message: no such element: Unable to locate element: {\"method\":\"css selector\",\"selector\":\"[class*='styles__CartSummarySpan-sc-odscpb-3']\"}\n  (Session info: MicrosoftEdge=124.0.2478.51); For documentation on this error, please visit: https://www.selenium.dev/documentation/webdriver/troubleshooting/errors#no-such-element-exception\nStacktrace:\n\tGetHandleVerifier [0x00007FF6B3BCE4E2+63026]\n\tMicrosoft::Applications::Events::ILogConfiguration::operator* [0x00007FF6B3B60FA2+213730]\n\t(No symbol) [0x00007FF6B398E7A7]\n\t(No symbol) [0x00007FF6B39D55EE]\n\t(No symbol) [0x00007FF6B39D56D6]\n\t(No symbol) [0x00007FF6B3A10717]\n\t(No symbol) [0x00007FF6B39F4F1F]\n\t(No symbol) [0x00007FF6B39CAE17]\n\t(No symbol) [0x00007FF6B3A0E313]\n\t(No symbol) [0x00007FF6B39F4B43]\n\t(No symbol) [0x00007FF6B39CA33E]\n\t(No symbol) [0x00007FF6B39C94EC]\n\t(No symbol) [0x00007FF6B39C9EF1]\n\tMicrosoft::Applications::Events::EventProperty::to_string [0x00007FF6B3D75B94+1026500]\n\t(No symbol) [0x00007FF6B3A3F29C]\n\tMicrosoft::Applications::Events::EventProperty::~EventProperty [0x00007FF6B3ADBD3C+34028]\n\tMicrosoft::Applications::Events::EventProperty::~EventProperty [0x00007FF6B3AD4525+3285]\n\tMicrosoft::Applications::Events::EventProperty::to_string [0x00007FF6B3D74B55+1022341]\n\tMicrosoft::Applications::Events::ILogConfiguration::operator* [0x00007FF6B3B69A61+249249]\n\tMicrosoft::Applications::Events::ILogConfiguration::operator* [0x00007FF6B3B654E4+231460]\n\tMicrosoft::Applications::Events::ILogConfiguration::operator* [0x00007FF6B3B6561B+231771]\n\tMicrosoft::Applications::Events::ILogConfiguration::operator* [0x00007FF6B3B5B245+189829]\n\tBaseThreadInitThunk [0x00007FFE1744257D+29]\n\tRtlUserThreadStart [0x00007FFE1840AA78+40]\n\n", "trace": "  File \"C:\\Users\\kuletsky\\Target-BDD-Selenium-Python\\.venv\\Lib\\site-packages\\behave\\model.py\", line 1329, in run\n    match.run(runner.context)\n  File \"C:\\Users\\kuletsky\\Target-BDD-Selenium-Python\\.venv\\Lib\\site-packages\\behave\\matchers.py\", line 98, in run\n    self.func(context, *args, **kwargs)\n  File \"features\\steps\\cart_page_steps.py\", line 24, in verify_item_is_in_the_cart\n    context.app.cart_page.verify_item_is_in_the_cart()\n  File \"C:\\Users\\kuletsky\\Target-BDD-Selenium-Python\\pages\\cart_page.py\", line 19, in verify_item_is_in_the_cart\n    self.verify_partial_text('item', *self.VERIFY_ITEM)\n  File \"C:\\Users\\kuletsky\\Target-BDD-Selenium-Python\\pages\\base_page.py\", line 81, in verify_partial_text\n    actual_text = self.find_element(*locator).text\n                  ^^^^^^^^^^^^^^^^^^^^^^^^^^^\n  File \"C:\\Users\\kuletsky\\Target-BDD-Selenium-Python\\pages\\base_page.py\", line 22, in find_element\n    return self.driver.find_element(*locator)\n           ^^^^^^^^^^^^^^^^^^^^^^^^^^^^^^^^^^\n  File \"C:\\Users\\kuletsky\\Target-BDD-Selenium-Python\\.venv\\Lib\\site-packages\\selenium\\webdriver\\remote\\webdriver.py\", line 741, in find_element\n    return self.execute(Command.FIND_ELEMENT, {\"using\": by, \"value\": value})[\"value\"]\n           ^^^^^^^^^^^^^^^^^^^^^^^^^^^^^^^^^^^^^^^^^^^^^^^^^^^^^^^^^^^^^^^^^\n  File \"C:\\Users\\kuletsky\\Target-BDD-Selenium-Python\\.venv\\Lib\\site-packages\\selenium\\webdriver\\remote\\webdriver.py\", line 347, in execute\n    self.error_handler.check_response(response)\n  File \"C:\\Users\\kuletsky\\Target-BDD-Selenium-Python\\.venv\\Lib\\site-packages\\selenium\\webdriver\\remote\\errorhandler.py\", line 229, in check_response\n    raise exception_class(message, screen, stacktrace)\n"}, "steps": [{"name": "Given Open Target main page", "status": "passed", "start": 1715194911082, "stop": 1715194916007}, {"name": "When Search for pen", "status": "passed", "start": 1715194916007, "stop": 1715194930679}, {"name": "And Click on BTN \"Add to cart\"", "status": "passed", "start": 1715194930679, "stop": 1715194931594}, {"name": "And Confirm BTN \"Add to cart\"", "status": "passed", "start": 1715194931594, "stop": 1715194933681}, {"name": "And Open Target Cart page", "status": "passed", "start": 1715194933682, "stop": 1715194935463}, {"name": "Then Verify item is in the cart", "status": "broken", "statusDetails": {"message": "selenium.common.exceptions.NoSuchElementException: Message: no such element: Unable to locate element: {\"method\":\"css selector\",\"selector\":\"[class*='styles__CartSummarySpan-sc-odscpb-3']\"}\n  (Session info: MicrosoftEdge=124.0.2478.51); For documentation on this error, please visit: https://www.selenium.dev/documentation/webdriver/troubleshooting/errors#no-such-element-exception\nStacktrace:\n\tGetHandleVerifier [0x00007FF6B3BCE4E2+63026]\n\tMicrosoft::Applications::Events::ILogConfiguration::operator* [0x00007FF6B3B60FA2+213730]\n\t(No symbol) [0x00007FF6B398E7A7]\n\t(No symbol) [0x00007FF6B39D55EE]\n\t(No symbol) [0x00007FF6B39D56D6]\n\t(No symbol) [0x00007FF6B3A10717]\n\t(No symbol) [0x00007FF6B39F4F1F]\n\t(No symbol) [0x00007FF6B39CAE17]\n\t(No symbol) [0x00007FF6B3A0E313]\n\t(No symbol) [0x00007FF6B39F4B43]\n\t(No symbol) [0x00007FF6B39CA33E]\n\t(No symbol) [0x00007FF6B39C94EC]\n\t(No symbol) [0x00007FF6B39C9EF1]\n\tMicrosoft::Applications::Events::EventProperty::to_string [0x00007FF6B3D75B94+1026500]\n\t(No symbol) [0x00007FF6B3A3F29C]\n\tMicrosoft::Applications::Events::EventProperty::~EventProperty [0x00007FF6B3ADBD3C+34028]\n\tMicrosoft::Applications::Events::EventProperty::~EventProperty [0x00007FF6B3AD4525+3285]\n\tMicrosoft::Applications::Events::EventProperty::to_string [0x00007FF6B3D74B55+1022341]\n\tMicrosoft::Applications::Events::ILogConfiguration::operator* [0x00007FF6B3B69A61+249249]\n\tMicrosoft::Applications::Events::ILogConfiguration::operator* [0x00007FF6B3B654E4+231460]\n\tMicrosoft::Applications::Events::ILogConfiguration::operator* [0x00007FF6B3B6561B+231771]\n\tMicrosoft::Applications::Events::ILogConfiguration::operator* [0x00007FF6B3B5B245+189829]\n\tBaseThreadInitThunk [0x00007FFE1744257D+29]\n\tRtlUserThreadStart [0x00007FFE1840AA78+40]\n\n", "trace": "  File \"C:\\Users\\kuletsky\\Target-BDD-Selenium-Python\\.venv\\Lib\\site-packages\\behave\\model.py\", line 1329, in run\n    match.run(runner.context)\n  File \"C:\\Users\\kuletsky\\Target-BDD-Selenium-Python\\.venv\\Lib\\site-packages\\behave\\matchers.py\", line 98, in run\n    self.func(context, *args, **kwargs)\n  File \"features\\steps\\cart_page_steps.py\", line 24, in verify_item_is_in_the_cart\n    context.app.cart_page.verify_item_is_in_the_cart()\n  File \"C:\\Users\\kuletsky\\Target-BDD-Selenium-Python\\pages\\cart_page.py\", line 19, in verify_item_is_in_the_cart\n    self.verify_partial_text('item', *self.VERIFY_ITEM)\n  File \"C:\\Users\\kuletsky\\Target-BDD-Selenium-Python\\pages\\base_page.py\", line 81, in verify_partial_text\n    actual_text = self.find_element(*locator).text\n                  ^^^^^^^^^^^^^^^^^^^^^^^^^^^\n  File \"C:\\Users\\kuletsky\\Target-BDD-Selenium-Python\\pages\\base_page.py\", line 22, in find_element\n    return self.driver.find_element(*locator)\n           ^^^^^^^^^^^^^^^^^^^^^^^^^^^^^^^^^^\n  File \"C:\\Users\\kuletsky\\Target-BDD-Selenium-Python\\.venv\\Lib\\site-packages\\selenium\\webdriver\\remote\\webdriver.py\", line 741, in find_element\n    return self.execute(Command.FIND_ELEMENT, {\"using\": by, \"value\": value})[\"value\"]\n           ^^^^^^^^^^^^^^^^^^^^^^^^^^^^^^^^^^^^^^^^^^^^^^^^^^^^^^^^^^^^^^^^^\n  File \"C:\\Users\\kuletsky\\Target-BDD-Selenium-Python\\.venv\\Lib\\site-packages\\selenium\\webdriver\\remote\\webdriver.py\", line 347, in execute\n    self.error_handler.check_response(response)\n  File \"C:\\Users\\kuletsky\\Target-BDD-Selenium-Python\\.venv\\Lib\\site-packages\\selenium\\webdriver\\remote\\errorhandler.py\", line 229, in check_response\n    raise exception_class(message, screen, stacktrace)\n"}, "start": 1715194935463, "stop": 1715194941610}], "start": 1715194902373, "stop": 1715194942672, "uuid": "c7f7e0be-7f61-4348-9f85-b3f81262e31a", "historyId": "33de3481e67f11896254915523c9d7c2", "fullName": "Cart verify tests: Verify item is in the cart", "labels": [{"name": "severity", "value": "normal"}, {"name": "tag", "value": "smoke"}, {"name": "feature", "value": "Cart verify tests"}, {"name": "framework", "value": "behave"}, {"name": "language", "value": "cpython3"}]}