{"name": "Verify item is in the cart", "status": "broken", "statusDetails": {"message": "selenium.common.exceptions.NoSuchElementException: Message: no such element: Unable to locate element: {\"method\":\"css selector\",\"selector\":\"[class*='styles__CartSummarySpan-sc-odscpb-3']\"}\n  (Session info: chrome=124.0.6367.61); For documentation on this error, please visit: https://www.selenium.dev/documentation/webdriver/troubleshooting/errors#no-such-element-exception\nStacktrace:\n\tGetHandleVerifier [0x00007FF6D75DF922+3045234]\n\t(No symbol) [0x00007FF6D7283652]\n\t(No symbol) [0x00007FF6D7147564]\n\t(No symbol) [0x00007FF6D7195F9D]\n\t(No symbol) [0x00007FF6D719606C]\n\t(No symbol) [0x00007FF6D71DBDD7]\n\t(No symbol) [0x00007FF6D71B9DEF]\n\t(No symbol) [0x00007FF6D71D91C4]\n\t(No symbol) [0x00007FF6D71B9B53]\n\t(No symbol) [0x00007FF6D718813C]\n\t(No symbol) [0x00007FF6D7188D71]\n\tGetHandleVerifier [0x00007FF6D760E89D+3237613]\n\tGetHandleVerifier [0x00007FF6D7650BA7+3508727]\n\tGetHandleVerifier [0x00007FF6D764976F+3478975]\n\tGetHandleVerifier [0x00007FF6D73BF1C6+815126]\n\t(No symbol) [0x00007FF6D728ED0F]\n\t(No symbol) [0x00007FF6D7289854]\n\t(No symbol) [0x00007FF6D72899E2]\n\t(No symbol) [0x00007FF6D727A574]\n\tBaseThreadInitThunk [0x00007FFEA0C7257D+29]\n\tRtlUserThreadStart [0x00007FFEA234AA78+40]\n\n", "trace": "  File \"C:\\Users\\kuletsky\\Target-BDD-Selenium-Python\\.venv\\Lib\\site-packages\\behave\\model.py\", line 1329, in run\n    match.run(runner.context)\n  File \"C:\\Users\\kuletsky\\Target-BDD-Selenium-Python\\.venv\\Lib\\site-packages\\behave\\matchers.py\", line 98, in run\n    self.func(context, *args, **kwargs)\n  File \"features\\steps\\cart_page_steps.py\", line 24, in verify_item_is_in_the_cart\n    context.app.cart_page.verify_item_is_in_the_cart()\n  File \"C:\\Users\\kuletsky\\Target-BDD-Selenium-Python\\pages\\cart_page.py\", line 19, in verify_item_is_in_the_cart\n    self.verify_partial_text('item', *self.VERIFY_ITEM)\n  File \"C:\\Users\\kuletsky\\Target-BDD-Selenium-Python\\pages\\base_page.py\", line 81, in verify_partial_text\n    actual_text = self.find_element(*locator).text\n                  ^^^^^^^^^^^^^^^^^^^^^^^^^^^\n  File \"C:\\Users\\kuletsky\\Target-BDD-Selenium-Python\\pages\\base_page.py\", line 22, in find_element\n    return self.driver.find_element(*locator)\n           ^^^^^^^^^^^^^^^^^^^^^^^^^^^^^^^^^^\n  File \"C:\\Users\\kuletsky\\Target-BDD-Selenium-Python\\.venv\\Lib\\site-packages\\selenium\\webdriver\\remote\\webdriver.py\", line 741, in find_element\n    return self.execute(Command.FIND_ELEMENT, {\"using\": by, \"value\": value})[\"value\"]\n           ^^^^^^^^^^^^^^^^^^^^^^^^^^^^^^^^^^^^^^^^^^^^^^^^^^^^^^^^^^^^^^^^^\n  File \"C:\\Users\\kuletsky\\Target-BDD-Selenium-Python\\.venv\\Lib\\site-packages\\selenium\\webdriver\\remote\\webdriver.py\", line 347, in execute\n    self.error_handler.check_response(response)\n  File \"C:\\Users\\kuletsky\\Target-BDD-Selenium-Python\\.venv\\Lib\\site-packages\\selenium\\webdriver\\remote\\errorhandler.py\", line 229, in check_response\n    raise exception_class(message, screen, stacktrace)\n"}, "steps": [{"name": "Given Open Target main page", "status": "passed", "start": 1716168066494, "stop": 1716168067005}, {"name": "When Search for soap", "status": "passed", "start": 1716168067006, "stop": 1716168086043}, {"name": "And Click on BTN \"Add to cart\"", "status": "passed", "start": 1716168086043, "stop": 1716168087556}, {"name": "And Confirm BTN \"Add to cart\"", "status": "passed", "start": 1716168087556, "stop": 1716168089377}, {"name": "And Open Target Cart page", "status": "passed", "start": 1716168089377, "stop": 1716168093323}, {"name": "Then Verify item is in the cart", "status": "broken", "statusDetails": {"message": "selenium.common.exceptions.NoSuchElementException: Message: no such element: Unable to locate element: {\"method\":\"css selector\",\"selector\":\"[class*='styles__CartSummarySpan-sc-odscpb-3']\"}\n  (Session info: chrome=124.0.6367.61); For documentation on this error, please visit: https://www.selenium.dev/documentation/webdriver/troubleshooting/errors#no-such-element-exception\nStacktrace:\n\tGetHandleVerifier [0x00007FF6D75DF922+3045234]\n\t(No symbol) [0x00007FF6D7283652]\n\t(No symbol) [0x00007FF6D7147564]\n\t(No symbol) [0x00007FF6D7195F9D]\n\t(No symbol) [0x00007FF6D719606C]\n\t(No symbol) [0x00007FF6D71DBDD7]\n\t(No symbol) [0x00007FF6D71B9DEF]\n\t(No symbol) [0x00007FF6D71D91C4]\n\t(No symbol) [0x00007FF6D71B9B53]\n\t(No symbol) [0x00007FF6D718813C]\n\t(No symbol) [0x00007FF6D7188D71]\n\tGetHandleVerifier [0x00007FF6D760E89D+3237613]\n\tGetHandleVerifier [0x00007FF6D7650BA7+3508727]\n\tGetHandleVerifier [0x00007FF6D764976F+3478975]\n\tGetHandleVerifier [0x00007FF6D73BF1C6+815126]\n\t(No symbol) [0x00007FF6D728ED0F]\n\t(No symbol) [0x00007FF6D7289854]\n\t(No symbol) [0x00007FF6D72899E2]\n\t(No symbol) [0x00007FF6D727A574]\n\tBaseThreadInitThunk [0x00007FFEA0C7257D+29]\n\tRtlUserThreadStart [0x00007FFEA234AA78+40]\n\n", "trace": "  File \"C:\\Users\\kuletsky\\Target-BDD-Selenium-Python\\.venv\\Lib\\site-packages\\behave\\model.py\", line 1329, in run\n    match.run(runner.context)\n  File \"C:\\Users\\kuletsky\\Target-BDD-Selenium-Python\\.venv\\Lib\\site-packages\\behave\\matchers.py\", line 98, in run\n    self.func(context, *args, **kwargs)\n  File \"features\\steps\\cart_page_steps.py\", line 24, in verify_item_is_in_the_cart\n    context.app.cart_page.verify_item_is_in_the_cart()\n  File \"C:\\Users\\kuletsky\\Target-BDD-Selenium-Python\\pages\\cart_page.py\", line 19, in verify_item_is_in_the_cart\n    self.verify_partial_text('item', *self.VERIFY_ITEM)\n  File \"C:\\Users\\kuletsky\\Target-BDD-Selenium-Python\\pages\\base_page.py\", line 81, in verify_partial_text\n    actual_text = self.find_element(*locator).text\n                  ^^^^^^^^^^^^^^^^^^^^^^^^^^^\n  File \"C:\\Users\\kuletsky\\Target-BDD-Selenium-Python\\pages\\base_page.py\", line 22, in find_element\n    return self.driver.find_element(*locator)\n           ^^^^^^^^^^^^^^^^^^^^^^^^^^^^^^^^^^\n  File \"C:\\Users\\kuletsky\\Target-BDD-Selenium-Python\\.venv\\Lib\\site-packages\\selenium\\webdriver\\remote\\webdriver.py\", line 741, in find_element\n    return self.execute(Command.FIND_ELEMENT, {\"using\": by, \"value\": value})[\"value\"]\n           ^^^^^^^^^^^^^^^^^^^^^^^^^^^^^^^^^^^^^^^^^^^^^^^^^^^^^^^^^^^^^^^^^\n  File \"C:\\Users\\kuletsky\\Target-BDD-Selenium-Python\\.venv\\Lib\\site-packages\\selenium\\webdriver\\remote\\webdriver.py\", line 347, in execute\n    self.error_handler.check_response(response)\n  File \"C:\\Users\\kuletsky\\Target-BDD-Selenium-Python\\.venv\\Lib\\site-packages\\selenium\\webdriver\\remote\\errorhandler.py\", line 229, in check_response\n    raise exception_class(message, screen, stacktrace)\n"}, "start": 1716168093323, "stop": 1716168099859}], "start": 1716168060284, "stop": 1716168101823, "uuid": "fad7edfc-a011-48da-afe8-85a7805f1f45", "historyId": "33de3481e67f11896254915523c9d7c2", "fullName": "Cart verify tests: Verify item is in the cart", "labels": [{"name": "severity", "value": "normal"}, {"name": "tag", "value": "smoke"}, {"name": "feature", "value": "Cart verify tests"}, {"name": "framework", "value": "behave"}, {"name": "language", "value": "cpython3"}]}