{"name": "User can select colors", "status": "broken", "statusDetails": {"message": "selenium.common.exceptions.ElementClickInterceptedException: Message: element click intercepted: Element <img src=\"https://target.scene7.com/is/image/Target/GUEST_89f5815a-3e03-4dbb-9066-562a6aed1c15?cropN=0.0,0.0,1.0,1.0\" alt=\"dark khaki\" height=\"64px\" width=\"64px\"> is not clickable at point (1001, 623). Other element would receive the click: <button type=\"button\" disabled=\"\" aria-label=\"Go To End\" class=\"styles__StyledPaginationButton-sc-hijc5f-1 bFBBaj\">...</button>\n  (Session info: chrome=124.0.6367.61)\nStacktrace:\n\tGetHandleVerifier [0x00007FF70A52F922+3045234]\n\t(No symbol) [0x00007FF70A1D3652]\n\t(No symbol) [0x00007FF70A097564]\n\t(No symbol) [0x00007FF70A0EDAA7]\n\t(No symbol) [0x00007FF70A0EB584]\n\t(No symbol) [0x00007FF70A0E8A4A]\n\t(No symbol) [0x00007FF70A0E7C22]\n\t(No symbol) [0x00007FF70A0D9FDB]\n\t(No symbol) [0x00007FF70A109DAA]\n\t(No symbol) [0x00007FF70A0D9916]\n\t(No symbol) [0x00007FF70A109FC0]\n\t(No symbol) [0x00007FF70A1291C4]\n\t(No symbol) [0x00007FF70A109B53]\n\t(No symbol) [0x00007FF70A0D813C]\n\t(No symbol) [0x00007FF70A0D8D71]\n\tGetHandleVerifier [0x00007FF70A55E89D+3237613]\n\tGetHandleVerifier [0x00007FF70A5A0BA7+3508727]\n\tGetHandleVerifier [0x00007FF70A59976F+3478975]\n\tGetHandleVerifier [0x00007FF70A30F1C6+815126]\n\t(No symbol) [0x00007FF70A1DED0F]\n\t(No symbol) [0x00007FF70A1D9854]\n\t(No symbol) [0x00007FF70A1D99E2]\n\t(No symbol) [0x00007FF70A1CA574]\n\tBaseThreadInitThunk [0x00007FFAD226257D+29]\n\tRtlUserThreadStart [0x00007FFAD2FEAA78+40]\n\n", "trace": "  File \"C:\\Users\\kuletsky\\Target-BDD-Selenium-Python\\.venv\\Lib\\site-packages\\behave\\model.py\", line 1329, in run\n    match.run(runner.context)\n  File \"C:\\Users\\kuletsky\\Target-BDD-Selenium-Python\\.venv\\Lib\\site-packages\\behave\\matchers.py\", line 98, in run\n    self.func(context, *args, **kwargs)\n  File \"features\\steps\\product_details_page_steps.py\", line 26, in verify_colors\n    color.click()\n  File \"C:\\Users\\kuletsky\\Target-BDD-Selenium-Python\\.venv\\Lib\\site-packages\\selenium\\webdriver\\remote\\webelement.py\", line 94, in click\n    self._execute(Command.CLICK_ELEMENT)\n  File \"C:\\Users\\kuletsky\\Target-BDD-Selenium-Python\\.venv\\Lib\\site-packages\\selenium\\webdriver\\remote\\webelement.py\", line 395, in _execute\n    return self._parent.execute(command, params)\n           ^^^^^^^^^^^^^^^^^^^^^^^^^^^^^^^^^^^^^\n  File \"C:\\Users\\kuletsky\\Target-BDD-Selenium-Python\\.venv\\Lib\\site-packages\\selenium\\webdriver\\remote\\webdriver.py\", line 347, in execute\n    self.error_handler.check_response(response)\n  File \"C:\\Users\\kuletsky\\Target-BDD-Selenium-Python\\.venv\\Lib\\site-packages\\selenium\\webdriver\\remote\\errorhandler.py\", line 229, in check_response\n    raise exception_class(message, screen, stacktrace)\n"}, "steps": [{"name": "Given Open Target product A-91511634 page", "status": "passed", "start": 1715378441747, "stop": 1715378454628}, {"name": "Then Verify user can click through colors", "status": "broken", "statusDetails": {"message": "selenium.common.exceptions.ElementClickInterceptedException: Message: element click intercepted: Element <img src=\"https://target.scene7.com/is/image/Target/GUEST_89f5815a-3e03-4dbb-9066-562a6aed1c15?cropN=0.0,0.0,1.0,1.0\" alt=\"dark khaki\" height=\"64px\" width=\"64px\"> is not clickable at point (1001, 623). Other element would receive the click: <button type=\"button\" disabled=\"\" aria-label=\"Go To End\" class=\"styles__StyledPaginationButton-sc-hijc5f-1 bFBBaj\">...</button>\n  (Session info: chrome=124.0.6367.61)\nStacktrace:\n\tGetHandleVerifier [0x00007FF70A52F922+3045234]\n\t(No symbol) [0x00007FF70A1D3652]\n\t(No symbol) [0x00007FF70A097564]\n\t(No symbol) [0x00007FF70A0EDAA7]\n\t(No symbol) [0x00007FF70A0EB584]\n\t(No symbol) [0x00007FF70A0E8A4A]\n\t(No symbol) [0x00007FF70A0E7C22]\n\t(No symbol) [0x00007FF70A0D9FDB]\n\t(No symbol) [0x00007FF70A109DAA]\n\t(No symbol) [0x00007FF70A0D9916]\n\t(No symbol) [0x00007FF70A109FC0]\n\t(No symbol) [0x00007FF70A1291C4]\n\t(No symbol) [0x00007FF70A109B53]\n\t(No symbol) [0x00007FF70A0D813C]\n\t(No symbol) [0x00007FF70A0D8D71]\n\tGetHandleVerifier [0x00007FF70A55E89D+3237613]\n\tGetHandleVerifier [0x00007FF70A5A0BA7+3508727]\n\tGetHandleVerifier [0x00007FF70A59976F+3478975]\n\tGetHandleVerifier [0x00007FF70A30F1C6+815126]\n\t(No symbol) [0x00007FF70A1DED0F]\n\t(No symbol) [0x00007FF70A1D9854]\n\t(No symbol) [0x00007FF70A1D99E2]\n\t(No symbol) [0x00007FF70A1CA574]\n\tBaseThreadInitThunk [0x00007FFAD226257D+29]\n\tRtlUserThreadStart [0x00007FFAD2FEAA78+40]\n\n", "trace": "  File \"C:\\Users\\kuletsky\\Target-BDD-Selenium-Python\\.venv\\Lib\\site-packages\\behave\\model.py\", line 1329, in run\n    match.run(runner.context)\n  File \"C:\\Users\\kuletsky\\Target-BDD-Selenium-Python\\.venv\\Lib\\site-packages\\behave\\matchers.py\", line 98, in run\n    self.func(context, *args, **kwargs)\n  File \"features\\steps\\product_details_page_steps.py\", line 26, in verify_colors\n    color.click()\n  File \"C:\\Users\\kuletsky\\Target-BDD-Selenium-Python\\.venv\\Lib\\site-packages\\selenium\\webdriver\\remote\\webelement.py\", line 94, in click\n    self._execute(Command.CLICK_ELEMENT)\n  File \"C:\\Users\\kuletsky\\Target-BDD-Selenium-Python\\.venv\\Lib\\site-packages\\selenium\\webdriver\\remote\\webelement.py\", line 395, in _execute\n    return self._parent.execute(command, params)\n           ^^^^^^^^^^^^^^^^^^^^^^^^^^^^^^^^^^^^^\n  File \"C:\\Users\\kuletsky\\Target-BDD-Selenium-Python\\.venv\\Lib\\site-packages\\selenium\\webdriver\\remote\\webdriver.py\", line 347, in execute\n    self.error_handler.check_response(response)\n  File \"C:\\Users\\kuletsky\\Target-BDD-Selenium-Python\\.venv\\Lib\\site-packages\\selenium\\webdriver\\remote\\errorhandler.py\", line 229, in check_response\n    raise exception_class(message, screen, stacktrace)\n"}, "start": 1715378454628, "stop": 1715378456648}], "start": 1715378435800, "stop": 1715378457836, "uuid": "ff5c6562-52a0-4789-b4d0-067add97e3ac", "historyId": "ce28451bafe94d0698d129ca03a68e57", "fullName": "Test for product page: User can select colors", "labels": [{"name": "severity", "value": "normal"}, {"name": "tag", "value": "smoke"}, {"name": "feature", "value": "Test for product page"}, {"name": "framework", "value": "behave"}, {"name": "language", "value": "cpython3"}]}